# JRE version: OpenJDK Runtime Environment (11.0.13) (build 11.0.13+0-b1751.21-8125866)
# Java VM: OpenJDK 64-Bit Server VM (11.0.13+0-b1751.21-8125866, mixed mode, tiered, compressed oops, g1 gc, windows-amd64)
Heap:
 garbage-first heap   total 262144K, used 99444K [0x0000000080000000, 0x0000000100000000)
  region size 1024K, 50 young (51200K), 12 survivors (12288K)
 Metaspace       used 69785K, capacity 71440K, committed 71764K, reserved 1112064K
  class space    used 8745K, capacity 9369K, committed 9476K, reserved 1048576K
GC Heap History (16 events):
Event: 0.414 GC heap before
{Heap before GC invocations=0 (full 0):
 garbage-first heap   total 262144K, used 29696K [0x0000000080000000, 0x0000000100000000)
  region size 1024K, 24 young (24576K), 0 survivors (0K)
 Metaspace       used 10119K, capacity 10345K, committed 10624K, reserved 1058816K
  class space    used 1028K, capacity 1108K, committed 1152K, reserved 1048576K
}
Event: 0.418 GC heap after
{Heap after GC invocations=1 (full 0):
 garbage-first heap   total 262144K, used 9461K [0x0000000080000000, 0x0000000100000000)
  region size 1024K, 3 young (3072K), 3 survivors (3072K)
 Metaspace       used 10119K, capacity 10345K, committed 10624K, reserved 1058816K
  class space    used 1028K, capacity 1108K, committed 1152K, reserved 1048576K
}
Event: 1.401 GC heap before
{Heap before GC invocations=1 (full 0):
 garbage-first heap   total 262144K, used 114933K [0x0000000080000000, 0x0000000100000000)
  region size 1024K, 107 young (109568K), 3 survivors (3072K)
 Metaspace       used 20798K, capacity 21153K, committed 21296K, reserved 1069056K
  class space    used 2512K, capacity 2648K, committed 2688K, reserved 1048576K
}
Event: 1.408 GC heap after
{Heap after GC invocations=2 (full 0):
 garbage-first heap   total 262144K, used 16972K [0x0000000080000000, 0x0000000100000000)
  region size 1024K, 11 young (11264K), 11 survivors (11264K)
 Metaspace       used 20798K, capacity 21153K, committed 21296K, reserved 1069056K
  class space    used 2512K, capacity 2648K, committed 2688K, reserved 1048576K
}
Event: 1.596 GC heap before
{Heap before GC invocations=3 (full 0):
 garbage-first heap   total 262144K, used 52812K [0x0000000080000000, 0x0000000100000000)
  region size 1024K, 46 young (47104K), 11 survivors (11264K)
 Metaspace       used 24159K, capacity 24715K, committed 25008K, reserved 1071104K
  class space    used 3048K, capacity 3223K, committed 3328K, reserved 1048576K
}
Event: 1.600 GC heap after
{Heap after GC invocations=4 (full 0):
 garbage-first heap   total 262144K, used 18724K [0x0000000080000000, 0x0000000100000000)
  region size 1024K, 2 young (2048K), 2 survivors (2048K)
 Metaspace       used 24159K, capacity 24715K, committed 25008K, reserved 1071104K
  class space    used 3048K, capacity 3223K, committed 3328K, reserved 1048576K
}
Event: 2.223 GC heap before
{Heap before GC invocations=4 (full 0):
 garbage-first heap   total 262144K, used 100644K [0x0000000080000000, 0x0000000100000000)
  region size 1024K, 83 young (84992K), 2 survivors (2048K)
 Metaspace       used 34979K, capacity 35749K, committed 35920K, reserved 1081344K
  class space    used 4476K, capacity 4780K, committed 4864K, reserved 1048576K
}
Event: 2.233 GC heap after
{Heap after GC invocations=5 (full 0):
 garbage-first heap   total 262144K, used 22558K [0x0000000080000000, 0x0000000100000000)
  region size 1024K, 6 young (6144K), 6 survivors (6144K)
 Metaspace       used 34979K, capacity 35749K, committed 35920K, reserved 1081344K
  class space    used 4476K, capacity 4780K, committed 4864K, reserved 1048576K
}
Event: 3.050 GC heap before
{Heap before GC invocations=6 (full 0):
 garbage-first heap   total 262144K, used 147486K [0x0000000080000000, 0x0000000100000000)
  region size 1024K, 125 young (128000K), 6 survivors (6144K)
 Metaspace       used 45249K, capacity 46292K, committed 46416K, reserved 1089536K
  class space    used 5725K, capacity 6105K, committed 6144K, reserved 1048576K
}
Event: 3.058 GC heap after
{Heap after GC invocations=7 (full 0):
 garbage-first heap   total 262144K, used 29840K [0x0000000080000000, 0x0000000100000000)
  region size 1024K, 13 young (13312K), 13 survivors (13312K)
 Metaspace       used 45249K, capacity 46292K, committed 46416K, reserved 1089536K
  class space    used 5725K, capacity 6105K, committed 6144K, reserved 1048576K
}
Event: 3.815 GC heap before
{Heap before GC invocations=7 (full 0):
 garbage-first heap   total 262144K, used 182416K [0x0000000080000000, 0x0000000100000000)
  region size 1024K, 153 young (156672K), 13 survivors (13312K)
 Metaspace       used 53996K, capacity 55410K, committed 55632K, reserved 1097728K
  class space    used 6805K, capacity 7355K, committed 7424K, reserved 1048576K
}
Event: 3.826 GC heap after
{Heap after GC invocations=8 (full 0):
 garbage-first heap   total 262144K, used 50516K [0x0000000080000000, 0x0000000100000000)
  region size 1024K, 19 young (19456K), 19 survivors (19456K)
 Metaspace       used 53996K, capacity 55410K, committed 55632K, reserved 1097728K
  class space    used 6805K, capacity 7355K, committed 7424K, reserved 1048576K
}
Event: 4.086 GC heap before
{Heap before GC invocations=8 (full 0):
 garbage-first heap   total 262144K, used 81236K [0x0000000080000000, 0x0000000100000000)
  region size 1024K, 50 young (51200K), 19 survivors (19456K)
 Metaspace       used 58722K, capacity 60182K, committed 60296K, reserved 1101824K
  class space    used 7370K, capacity 7939K, committed 7992K, reserved 1048576K
}
Event: 4.103 GC heap after
{Heap after GC invocations=9 (full 0):
 garbage-first heap   total 262144K, used 52684K [0x0000000080000000, 0x0000000100000000)
  region size 1024K, 3 young (3072K), 3 survivors (3072K)
 Metaspace       used 58722K, capacity 60182K, committed 60296K, reserved 1101824K
  class space    used 7370K, capacity 7939K, committed 7992K, reserved 1048576K
}
Event: 4.908 GC heap before
{Heap before GC invocations=10 (full 0):
 garbage-first heap   total 262144K, used 197068K [0x0000000080000000, 0x0000000100000000)
  region size 1024K, 137 young (140288K), 3 survivors (3072K)
 Metaspace       used 68396K, capacity 70000K, committed 70228K, reserved 1110016K
  class space    used 8581K, capacity 9209K, committed 9220K, reserved 1048576K
}
Event: 4.916 GC heap after
{Heap after GC invocations=11 (full 0):
 garbage-first heap   total 262144K, used 61556K [0x0000000080000000, 0x0000000100000000)
  region size 1024K, 12 young (12288K), 12 survivors (12288K)
 Metaspace       used 68396K, capacity 70000K, committed 70228K, reserved 1110016K
  class space    used 8581K, capacity 9209K, committed 9220K, reserved 1048576K
}

