# JRE version: OpenJDK Runtime Environment (11.0.13) (build 11.0.13+0-b1751.21-8125866)
# Java VM: OpenJDK 64-Bit Server VM (11.0.13+0-b1751.21-8125866, mixed mode, tiered, compressed oops, g1 gc, windows-amd64)
Heap:
 garbage-first heap   total 315392K, used 239721K [0x0000000080000000, 0x0000000100000000)
  region size 1024K, 26 young (26624K), 3 survivors (3072K)
 Metaspace       used 134663K, capacity 137766K, committed 139388K, reserved 1171456K
  class space    used 16308K, capacity 17464K, committed 17868K, reserved 1048576K
GC Heap History (20 events):
Event: 3640.859 GC heap before
{Heap before GC invocations=70 (full 0):
 garbage-first heap   total 262144K, used 215442K [0x0000000080000000, 0x0000000100000000)
  region size 1024K, 30 young (30720K), 5 survivors (5120K)
 Metaspace       used 127290K, capacity 130378K, committed 132476K, reserved 1165312K
  class space    used 15632K, capacity 16784K, committed 17356K, reserved 1048576K
}
Event: 3640.870 GC heap after
{Heap after GC invocations=71 (full 0):
 garbage-first heap   total 262144K, used 200090K [0x0000000080000000, 0x0000000100000000)
  region size 1024K, 4 young (4096K), 4 survivors (4096K)
 Metaspace       used 127290K, capacity 130378K, committed 132476K, reserved 1165312K
  class space    used 15632K, capacity 16784K, committed 17356K, reserved 1048576K
}
Event: 3640.933 GC heap before
{Heap before GC invocations=71 (full 0):
 garbage-first heap   total 262144K, used 208282K [0x0000000080000000, 0x0000000100000000)
  region size 1024K, 12 young (12288K), 4 survivors (4096K)
 Metaspace       used 127476K, capacity 130506K, committed 132476K, reserved 1165312K
  class space    used 15653K, capacity 16784K, committed 17356K, reserved 1048576K
}
Event: 3640.941 GC heap after
{Heap after GC invocations=72 (full 0):
 garbage-first heap   total 262144K, used 202178K [0x0000000080000000, 0x0000000100000000)
  region size 1024K, 2 young (2048K), 2 survivors (2048K)
 Metaspace       used 127476K, capacity 130506K, committed 132476K, reserved 1165312K
  class space    used 15653K, capacity 16784K, committed 17356K, reserved 1048576K
}
Event: 3641.153 GC heap before
{Heap before GC invocations=72 (full 0):
 garbage-first heap   total 262144K, used 212418K [0x0000000080000000, 0x0000000100000000)
  region size 1024K, 13 young (13312K), 2 survivors (2048K)
 Metaspace       used 127892K, capacity 130935K, committed 132732K, reserved 1165312K
  class space    used 15699K, capacity 16841K, committed 17356K, reserved 1048576K
}
Event: 3641.159 GC heap after
{Heap after GC invocations=73 (full 0):
 garbage-first heap   total 262144K, used 203793K [0x0000000080000000, 0x0000000100000000)
  region size 1024K, 2 young (2048K), 2 survivors (2048K)
 Metaspace       used 127892K, capacity 130935K, committed 132732K, reserved 1165312K
  class space    used 15699K, capacity 16841K, committed 17356K, reserved 1048576K
}
Event: 3641.404 GC heap before
{Heap before GC invocations=74 (full 0):
 garbage-first heap   total 262144K, used 229393K [0x0000000080000000, 0x0000000100000000)
  region size 1024K, 20 young (20480K), 2 survivors (2048K)
 Metaspace       used 127962K, capacity 130999K, committed 132988K, reserved 1165312K
  class space    used 15701K, capacity 16841K, committed 17356K, reserved 1048576K
}
Event: 3641.411 GC heap after
{Heap after GC invocations=75 (full 0):
 garbage-first heap   total 262144K, used 206193K [0x0000000080000000, 0x0000000100000000)
  region size 1024K, 3 young (3072K), 3 survivors (3072K)
 Metaspace       used 127962K, capacity 130999K, committed 132988K, reserved 1165312K
  class space    used 15701K, capacity 16841K, committed 17356K, reserved 1048576K
}
Event: 3641.531 GC heap before
{Heap before GC invocations=75 (full 0):
 garbage-first heap   total 262144K, used 215409K [0x0000000080000000, 0x0000000100000000)
  region size 1024K, 12 young (12288K), 3 survivors (3072K)
 Metaspace       used 129991K, capacity 133116K, committed 135036K, reserved 1167360K
  class space    used 15956K, capacity 17079K, committed 17612K, reserved 1048576K
}
Event: 3641.537 GC heap after
{Heap after GC invocations=76 (full 0):
 garbage-first heap   total 262144K, used 205127K [0x0000000080000000, 0x0000000100000000)
  region size 1024K, 1 young (1024K), 1 survivors (1024K)
 Metaspace       used 129991K, capacity 133116K, committed 135036K, reserved 1167360K
  class space    used 15956K, capacity 17079K, committed 17612K, reserved 1048576K
}
Event: 3641.670 GC heap before
{Heap before GC invocations=76 (full 0):
 garbage-first heap   total 262144K, used 222535K [0x0000000080000000, 0x0000000100000000)
  region size 1024K, 19 young (19456K), 1 survivors (1024K)
 Metaspace       used 130185K, capacity 133251K, committed 135036K, reserved 1167360K
  class space    used 15970K, capacity 17081K, committed 17612K, reserved 1048576K
}
Event: 3641.673 GC heap after
{Heap after GC invocations=77 (full 0):
 garbage-first heap   total 262144K, used 207148K [0x0000000080000000, 0x0000000100000000)
  region size 1024K, 3 young (3072K), 3 survivors (3072K)
 Metaspace       used 130185K, capacity 133251K, committed 135036K, reserved 1167360K
  class space    used 15970K, capacity 17081K, committed 17612K, reserved 1048576K
}
Event: 3641.830 GC heap before
{Heap before GC invocations=77 (full 0):
 garbage-first heap   total 262144K, used 240940K [0x0000000080000000, 0x0000000100000000)
  region size 1024K, 20 young (20480K), 3 survivors (3072K)
 Metaspace       used 130464K, capacity 133620K, committed 135292K, reserved 1167360K
  class space    used 15991K, capacity 17127K, committed 17612K, reserved 1048576K
}
Event: 3641.835 GC heap after
{Heap after GC invocations=78 (full 0):
 garbage-first heap   total 262144K, used 207230K [0x0000000080000000, 0x0000000100000000)
  region size 1024K, 3 young (3072K), 3 survivors (3072K)
 Metaspace       used 130464K, capacity 133620K, committed 135292K, reserved 1167360K
  class space    used 15991K, capacity 17127K, committed 17612K, reserved 1048576K
}
Event: 3641.913 GC heap before
{Heap before GC invocations=78 (full 0):
 garbage-first heap   total 262144K, used 223614K [0x0000000080000000, 0x0000000100000000)
  region size 1024K, 20 young (20480K), 3 survivors (3072K)
 Metaspace       used 130689K, capacity 133836K, committed 135548K, reserved 1167360K
  class space    used 16007K, capacity 17132K, committed 17612K, reserved 1048576K
}
Event: 3641.920 GC heap after
{Heap after GC invocations=79 (full 0):
 garbage-first heap   total 315392K, used 210654K [0x0000000080000000, 0x0000000100000000)
  region size 1024K, 3 young (3072K), 3 survivors (3072K)
 Metaspace       used 130689K, capacity 133836K, committed 135548K, reserved 1167360K
  class space    used 16007K, capacity 17132K, committed 17612K, reserved 1048576K
}
Event: 3642.177 GC heap before
{Heap before GC invocations=80 (full 0):
 garbage-first heap   total 315392K, used 247518K [0x0000000080000000, 0x0000000100000000)
  region size 1024K, 40 young (40960K), 3 survivors (3072K)
 Metaspace       used 133783K, capacity 136863K, committed 138620K, reserved 1169408K
  class space    used 16254K, capacity 17399K, committed 17868K, reserved 1048576K
}
Event: 3642.184 GC heap after
{Heap after GC invocations=81 (full 0):
 garbage-first heap   total 315392K, used 215221K [0x0000000080000000, 0x0000000100000000)
  region size 1024K, 5 young (5120K), 5 survivors (5120K)
 Metaspace       used 133783K, capacity 136863K, committed 138620K, reserved 1169408K
  class space    used 16254K, capacity 17399K, committed 17868K, reserved 1048576K
}
Event: 3642.263 GC heap before
{Heap before GC invocations=81 (full 0):
 garbage-first heap   total 315392K, used 251061K [0x0000000080000000, 0x0000000100000000)
  region size 1024K, 41 young (41984K), 5 survivors (5120K)
 Metaspace       used 134075K, capacity 137215K, committed 138876K, reserved 1171456K
  class space    used 16269K, capacity 17431K, committed 17868K, reserved 1048576K
}
Event: 3642.271 GC heap after
{Heap after GC invocations=82 (full 0):
 garbage-first heap   total 315392K, used 217193K [0x0000000080000000, 0x0000000100000000)
  region size 1024K, 3 young (3072K), 3 survivors (3072K)
 Metaspace       used 134075K, capacity 137215K, committed 138876K, reserved 1171456K
  class space    used 16269K, capacity 17431K, committed 17868K, reserved 1048576K
}

