# JRE version: OpenJDK Runtime Environment (11.0.13) (build 11.0.13+0-b1751.21-8125866)
# Java VM: OpenJDK 64-Bit Server VM (11.0.13+0-b1751.21-8125866, mixed mode, tiered, compressed oops, g1 gc, windows-amd64)
Heap:
 garbage-first heap   total 315392K, used 109068K [0x0000000080000000, 0x0000000100000000)
  region size 1024K, 16 young (16384K), 16 survivors (16384K)
 Metaspace       used 93915K, capacity 96567K, committed 96720K, reserved 1132544K
  class space    used 12081K, capacity 13084K, committed 13184K, reserved 1048576K
GC Heap History (20 events):
Event: 1.413 GC heap after
{Heap after GC invocations=2 (full 0):
 garbage-first heap   total 262144K, used 17213K [0x0000000080000000, 0x0000000100000000)
  region size 1024K, 11 young (11264K), 11 survivors (11264K)
 Metaspace       used 20798K, capacity 21153K, committed 21296K, reserved 1069056K
  class space    used 2510K, capacity 2648K, committed 2688K, reserved 1048576K
}
Event: 1.612 GC heap before
{Heap before GC invocations=3 (full 0):
 garbage-first heap   total 262144K, used 54077K [0x0000000080000000, 0x0000000100000000)
  region size 1024K, 48 young (49152K), 11 survivors (11264K)
 Metaspace       used 24343K, capacity 24907K, committed 25008K, reserved 1071104K
  class space    used 3083K, capacity 3287K, committed 3328K, reserved 1048576K
}
Event: 1.616 GC heap after
{Heap after GC invocations=4 (full 0):
 garbage-first heap   total 262144K, used 18242K [0x0000000080000000, 0x0000000100000000)
  region size 1024K, 2 young (2048K), 2 survivors (2048K)
 Metaspace       used 24343K, capacity 24907K, committed 25008K, reserved 1071104K
  class space    used 3083K, capacity 3287K, committed 3328K, reserved 1048576K
}
Event: 2.237 GC heap before
{Heap before GC invocations=4 (full 0):
 garbage-first heap   total 262144K, used 98114K [0x0000000080000000, 0x0000000100000000)
  region size 1024K, 81 young (82944K), 2 survivors (2048K)
 Metaspace       used 34980K, capacity 35749K, committed 35920K, reserved 1081344K
  class space    used 4476K, capacity 4780K, committed 4864K, reserved 1048576K
}
Event: 2.247 GC heap after
{Heap after GC invocations=5 (full 0):
 garbage-first heap   total 262144K, used 22042K [0x0000000080000000, 0x0000000100000000)
  region size 1024K, 6 young (6144K), 6 survivors (6144K)
 Metaspace       used 34980K, capacity 35749K, committed 35920K, reserved 1081344K
  class space    used 4476K, capacity 4780K, committed 4864K, reserved 1048576K
}
Event: 3.121 GC heap before
{Heap before GC invocations=6 (full 0):
 garbage-first heap   total 262144K, used 140826K [0x0000000080000000, 0x0000000100000000)
  region size 1024K, 119 young (121856K), 6 survivors (6144K)
 Metaspace       used 44919K, capacity 45928K, committed 46160K, reserved 1089536K
  class space    used 5663K, capacity 6069K, committed 6144K, reserved 1048576K
}
Event: 3.130 GC heap after
{Heap after GC invocations=7 (full 0):
 garbage-first heap   total 262144K, used 29363K [0x0000000080000000, 0x0000000100000000)
  region size 1024K, 13 young (13312K), 13 survivors (13312K)
 Metaspace       used 44919K, capacity 45928K, committed 46160K, reserved 1089536K
  class space    used 5663K, capacity 6069K, committed 6144K, reserved 1048576K
}
Event: 3.914 GC heap before
{Heap before GC invocations=7 (full 0):
 garbage-first heap   total 262144K, used 180915K [0x0000000080000000, 0x0000000100000000)
  region size 1024K, 152 young (155648K), 13 survivors (13312K)
 Metaspace       used 53142K, capacity 54530K, committed 54736K, reserved 1097728K
  class space    used 6687K, capacity 7232K, committed 7296K, reserved 1048576K
}
Event: 3.928 GC heap after
{Heap after GC invocations=8 (full 0):
 garbage-first heap   total 262144K, used 49307K [0x0000000080000000, 0x0000000100000000)
  region size 1024K, 18 young (18432K), 18 survivors (18432K)
 Metaspace       used 53142K, capacity 54530K, committed 54736K, reserved 1097728K
  class space    used 6687K, capacity 7232K, committed 7296K, reserved 1048576K
}
Event: 4.232 GC heap before
{Heap before GC invocations=8 (full 0):
 garbage-first heap   total 262144K, used 86171K [0x0000000080000000, 0x0000000100000000)
  region size 1024K, 55 young (56320K), 18 survivors (18432K)
 Metaspace       used 58506K, capacity 60017K, committed 60240K, reserved 1101824K
  class space    used 7350K, capacity 7905K, committed 7936K, reserved 1048576K
}
Event: 4.248 GC heap after
{Heap after GC invocations=9 (full 0):
 garbage-first heap   total 262144K, used 51818K [0x0000000080000000, 0x0000000100000000)
  region size 1024K, 3 young (3072K), 3 survivors (3072K)
 Metaspace       used 58506K, capacity 60017K, committed 60240K, reserved 1101824K
  class space    used 7350K, capacity 7905K, committed 7936K, reserved 1048576K
}
Event: 4.991 GC heap before
{Heap before GC invocations=10 (full 0):
 garbage-first heap   total 262144K, used 171626K [0x0000000080000000, 0x0000000100000000)
  region size 1024K, 113 young (115712K), 3 survivors (3072K)
 Metaspace       used 68182K, capacity 69769K, committed 69968K, reserved 1110016K
  class space    used 8551K, capacity 9174K, committed 9216K, reserved 1048576K
}
Event: 4.997 GC heap after
{Heap after GC invocations=11 (full 0):
 garbage-first heap   total 262144K, used 58509K [0x0000000080000000, 0x0000000100000000)
  region size 1024K, 10 young (10240K), 10 survivors (10240K)
 Metaspace       used 68182K, capacity 69769K, committed 69968K, reserved 1110016K
  class space    used 8551K, capacity 9174K, committed 9216K, reserved 1048576K
}
Event: 5.746 GC heap before
{Heap before GC invocations=11 (full 0):
 garbage-first heap   total 262144K, used 173197K [0x0000000080000000, 0x0000000100000000)
  region size 1024K, 122 young (124928K), 10 survivors (10240K)
 Metaspace       used 75440K, capacity 77065K, committed 77264K, reserved 1116160K
  class space    used 9667K, capacity 10293K, committed 10368K, reserved 1048576K
}
Event: 5.756 GC heap after
{Heap after GC invocations=12 (full 0):
 garbage-first heap   total 262144K, used 66506K [0x0000000080000000, 0x0000000100000000)
  region size 1024K, 8 young (8192K), 8 survivors (8192K)
 Metaspace       used 75440K, capacity 77065K, committed 77264K, reserved 1116160K
  class space    used 9667K, capacity 10293K, committed 10368K, reserved 1048576K
}
Event: 6.637 GC heap before
{Heap before GC invocations=12 (full 0):
 garbage-first heap   total 262144K, used 183242K [0x0000000080000000, 0x0000000100000000)
  region size 1024K, 122 young (124928K), 8 survivors (8192K)
 Metaspace       used 86022K, capacity 88044K, committed 88144K, reserved 1126400K
  class space    used 11179K, capacity 11951K, committed 12032K, reserved 1048576K
}
Event: 6.645 GC heap after
{Heap after GC invocations=13 (full 0):
 garbage-first heap   total 262144K, used 74012K [0x0000000080000000, 0x0000000100000000)
  region size 1024K, 16 young (16384K), 16 survivors (16384K)
 Metaspace       used 86022K, capacity 88044K, committed 88144K, reserved 1126400K
  class space    used 11179K, capacity 11951K, committed 12032K, reserved 1048576K
}
Event: 7.441 GC heap before
{Heap before GC invocations=13 (full 0):
 garbage-first heap   total 262144K, used 188700K [0x0000000080000000, 0x0000000100000000)
  region size 1024K, 129 young (132096K), 16 survivors (16384K)
 Metaspace       used 90354K, capacity 92883K, committed 93136K, reserved 1130496K
  class space    used 11700K, capacity 12668K, committed 12672K, reserved 1048576K
}
Event: 7.458 GC heap after
{Heap after GC invocations=14 (full 0):
 garbage-first heap   total 262144K, used 82942K [0x0000000080000000, 0x0000000100000000)
  region size 1024K, 17 young (17408K), 17 survivors (17408K)
 Metaspace       used 90354K, capacity 92883K, committed 93136K, reserved 1130496K
  class space    used 11700K, capacity 12668K, committed 12672K, reserved 1048576K
}
Event: 8.691 GC heap before
{Heap before GC invocations=14 (full 0):
 garbage-first heap   total 262144K, used 205822K [0x0000000080000000, 0x0000000100000000)
  region size 1024K, 127 young (130048K), 17 survivors (17408K)
 Metaspace       used 93915K, capacity 96567K, committed 96720K, reserved 1132544K
  class space    used 12081K, capacity 13084K, committed 13184K, reserved 1048576K
}

